2021-12-31T15:33:31.324349+09:00 0 [Warning] [MY-010918] [Server] 'default_authentication_plugin' is deprecated and will be removed in a future release. Please use authentication_policy instead.
2021-12-31T15:33:31.324914+09:00 0 [System] [MY-013169] [Server] /usr/sbin/mysqld (mysqld 8.0.27) initializing of server in progress as process 100
2021-12-31T15:33:31.424344+09:00 1 [System] [MY-013576] [InnoDB] InnoDB initialization has started.
2021-12-31T15:33:31.447220+09:00 1 [ERROR] [MY-012585] [InnoDB] Linux Native AIO interface is not supported on this platform. Please check your OS documentation and install appropriate binary of InnoDB.
2021-12-31T15:33:31.448414+09:00 1 [Warning] [MY-012654] [InnoDB] Linux Native AIO disabled.
2021-12-31T15:33:31.915718+09:00 1 [System] [MY-013577] [InnoDB] InnoDB initialization has ended.
2021-12-31T15:33:34.829141+09:00 0 [Warning] [MY-013746] [Server] A deprecated TLS version TLSv1 is enabled for channel mysql_main
2021-12-31T15:33:34.830740+09:00 0 [Warning] [MY-013746] [Server] A deprecated TLS version TLSv1.1 is enabled for channel mysql_main
2021-12-31T15:33:34.999879+09:00 6 [Warning] [MY-010453] [Server] root@localhost is created with an empty password ! Please consider switching off the --initialize-insecure option.
2021-12-31T15:33:50.512898+09:00 0 [Warning] [MY-010918] [Server] 'default_authentication_plugin' is deprecated and will be removed in a future release. Please use authentication_policy instead.
2021-12-31T15:33:50.513122+09:00 0 [System] [MY-010116] [Server] /usr/sbin/mysqld (mysqld 8.0.27) starting as process 155
2021-12-31T15:33:50.636920+09:00 1 [System] [MY-013576] [InnoDB] InnoDB initialization has started.
2021-12-31T15:33:50.665307+09:00 1 [ERROR] [MY-012585] [InnoDB] Linux Native AIO interface is not supported on this platform. Please check your OS documentation and install appropriate binary of InnoDB.
2021-12-31T15:33:50.666688+09:00 1 [Warning] [MY-012654] [InnoDB] Linux Native AIO disabled.
2021-12-31T15:33:50.914432+09:00 1 [System] [MY-013577] [InnoDB] InnoDB initialization has ended.
2021-12-31T15:33:51.916738+09:00 0 [Warning] [MY-013746] [Server] A deprecated TLS version TLSv1 is enabled for channel mysql_main
2021-12-31T15:33:51.917881+09:00 0 [Warning] [MY-013746] [Server] A deprecated TLS version TLSv1.1 is enabled for channel mysql_main
2021-12-31T15:33:51.946950+09:00 0 [Warning] [MY-010068] [Server] CA certificate ca.pem is self signed.
2021-12-31T15:33:51.948805+09:00 0 [System] [MY-013602] [Server] Channel mysql_main configured to support TLS. Encrypted connections are now supported for this channel.
2021-12-31T15:33:51.954647+09:00 0 [Warning] [MY-011810] [Server] Insecure configuration for --pid-file: Location '/var/run/mysqld' in the path is accessible to all OS users. Consider choosing a different directory.
2021-12-31T15:33:52.068150+09:00 0 [System] [MY-011323] [Server] X Plugin ready for connections. Socket: /var/run/mysqld/mysqlx.sock
2021-12-31T15:33:52.068685+09:00 0 [System] [MY-010931] [Server] /usr/sbin/mysqld: ready for connections. Version: '8.0.27'  socket: '/var/run/mysqld/mysqld.sock'  port: 0  MySQL Community Server - GPL.
2021-12-31T15:34:14.724760+09:00 14 [System] [MY-013172] [Server] Received SHUTDOWN from user root. Shutting down mysqld (Version: 8.0.27).
2021-12-31T15:34:15.633983+09:00 0 [System] [MY-010910] [Server] /usr/sbin/mysqld: Shutdown complete (mysqld 8.0.27)  MySQL Community Server - GPL.
2021-12-31T15:34:16.215227+09:00 0 [Warning] [MY-010918] [Server] 'default_authentication_plugin' is deprecated and will be removed in a future release. Please use authentication_policy instead.
2021-12-31T15:34:16.215453+09:00 0 [System] [MY-010116] [Server] /usr/sbin/mysqld (mysqld 8.0.27) starting as process 1
2021-12-31T15:34:16.324282+09:00 1 [System] [MY-013576] [InnoDB] InnoDB initialization has started.
2021-12-31T15:34:16.349953+09:00 1 [ERROR] [MY-012585] [InnoDB] Linux Native AIO interface is not supported on this platform. Please check your OS documentation and install appropriate binary of InnoDB.
2021-12-31T15:34:16.351369+09:00 1 [Warning] [MY-012654] [InnoDB] Linux Native AIO disabled.
2021-12-31T15:34:16.593674+09:00 1 [System] [MY-013577] [InnoDB] InnoDB initialization has ended.
2021-12-31T15:34:17.447520+09:00 0 [Warning] [MY-013746] [Server] A deprecated TLS version TLSv1 is enabled for channel mysql_main
2021-12-31T15:34:17.448740+09:00 0 [Warning] [MY-013746] [Server] A deprecated TLS version TLSv1.1 is enabled for channel mysql_main
2021-12-31T15:34:17.479062+09:00 0 [Warning] [MY-010068] [Server] CA certificate ca.pem is self signed.
2021-12-31T15:34:17.481284+09:00 0 [System] [MY-013602] [Server] Channel mysql_main configured to support TLS. Encrypted connections are now supported for this channel.
2021-12-31T15:34:17.487562+09:00 0 [Warning] [MY-011810] [Server] Insecure configuration for --pid-file: Location '/var/run/mysqld' in the path is accessible to all OS users. Consider choosing a different directory.
2021-12-31T15:34:17.610376+09:00 0 [System] [MY-011323] [Server] X Plugin ready for connections. Bind-address: '::' port: 33060, socket: /var/run/mysqld/mysqlx.sock
2021-12-31T15:34:17.610551+09:00 0 [System] [MY-010931] [Server] /usr/sbin/mysqld: ready for connections. Version: '8.0.27'  socket: '/var/run/mysqld/mysqld.sock'  port: 3306  MySQL Community Server - GPL.
